<?xml version="1.0" encoding="UTF-8"?><testrun name="CalcTest" project="TddDemoTest" tests="6" started="6" failures="1" errors="0" ignored="0">
  <testsuite name="in.co.cg.test.CalcTest" time="0.037">
    <testcase name="testAddOneNegativeOnePositive" classname="in.co.cg.test.CalcTest" time="0.029"/>
    <testcase name="testNotInteger" classname="in.co.cg.test.CalcTest" time="0.0">
      <failure>java.lang.AssertionError: Expected exception: java.lang.ArithmeticException&#13;
	at org.junit.internal.runners.statements.ExpectException.evaluate(ExpectException.java:32)&#13;
	at org.junit.runners.ParentRunner.runLeaf(ParentRunner.java:325)&#13;
	at org.junit.runners.BlockJUnit4ClassRunner.runChild(BlockJUnit4ClassRunner.java:78)&#13;
	at org.junit.runners.BlockJUnit4ClassRunner.runChild(BlockJUnit4ClassRunner.java:57)&#13;
	at org.junit.runners.ParentRunner$3.run(ParentRunner.java:290)&#13;
	at org.junit.runners.ParentRunner$1.schedule(ParentRunner.java:71)&#13;
	at org.junit.runners.ParentRunner.runChildren(ParentRunner.java:288)&#13;
	at org.junit.runners.ParentRunner.access$000(ParentRunner.java:58)&#13;
	at org.junit.runners.ParentRunner$2.evaluate(ParentRunner.java:268)&#13;
	at org.junit.runners.ParentRunner.run(ParentRunner.java:363)&#13;
	at org.eclipse.jdt.internal.junit4.runner.JUnit4TestReference.run(JUnit4TestReference.java:86)&#13;
	at org.eclipse.jdt.internal.junit.runner.TestExecution.run(TestExecution.java:38)&#13;
	at org.eclipse.jdt.internal.junit.runner.RemoteTestRunner.runTests(RemoteTestRunner.java:538)&#13;
	at org.eclipse.jdt.internal.junit.runner.RemoteTestRunner.runTests(RemoteTestRunner.java:760)&#13;
	at org.eclipse.jdt.internal.junit.runner.RemoteTestRunner.run(RemoteTestRunner.java:460)&#13;
	at org.eclipse.jdt.internal.junit.runner.RemoteTestRunner.main(RemoteTestRunner.java:206)&#13;
&#13;
</failure>
    </testcase>
    <testcase name="testAddtwoNegative" classname="in.co.cg.test.CalcTest" time="0.0"/>
    <testcase name="testAddOnePositiveOneZero" classname="in.co.cg.test.CalcTest" time="0.006"/>
    <testcase name="testAddTwoPositive" classname="in.co.cg.test.CalcTest" time="0.0"/>
    <testcase name="testAddOneNegativeOneZero" classname="in.co.cg.test.CalcTest" time="0.0"/>
  </testsuite>
</testrun>
